SF:lib\common\exception.dart
DA:8,4
LF:1
LH:1
end_of_record
SF:lib\data\datasources\movie\movie_local_data_source.dart
DA:28,1
DA:33,1
DA:38,3
DA:44,1
DA:45,1
DA:51,1
DA:55,3
DA:61,1
DA:62,1
DA:68,1
DA:72,3
DA:77,1
DA:88,1
DA:91,3
DA:92,2
DA:93,2
LF:16
LH:16
end_of_record
SF:lib\data\models\movies\movie_table.dart
DA:16,2
DA:29,1
DA:31,1
DA:34,1
DA:36,1
DA:38,1
DA:40,1
DA:43,1
DA:45,1
DA:47,1
DA:49,1
DA:51,1
DA:53,1
DA:56,0
DA:57,0
DA:59,0
DA:61,0
DA:63,0
DA:65,0
DA:68,1
DA:69,1
DA:71,1
DA:73,1
DA:75,1
DA:77,1
DA:80,2
DA:84,10
LF:27
LH:21
end_of_record
SF:lib\domain\entities\genre.dart
DA:5,13
DA:17,2
DA:20,6
LF:3
LH:3
end_of_record
SF:lib\domain\entities\movies\movie.dart
DA:4,8
DA:33,1
DA:71,2
DA:74,2
DA:75,2
DA:76,2
DA:78,2
DA:79,2
DA:81,2
DA:82,2
DA:84,2
DA:85,2
DA:87,2
DA:88,2
DA:90,2
DA:91,2
DA:93,2
LF:17
LH:17
end_of_record
SF:lib\domain\entities\movies\movie_detail.dart
DA:6,6
DA:58,1
DA:62,1
DA:63,1
DA:64,1
DA:66,1
DA:67,1
DA:69,1
DA:70,1
DA:72,1
DA:73,1
DA:75,1
DA:76,1
DA:78,1
LF:14
LH:14
end_of_record
SF:lib\common\failure.dart
DA:7,13
DA:9,2
DA:12,4
DA:16,12
DA:17,12
DA:21,2
DA:22,2
DA:26,5
DA:27,5
LF:9
LH:9
end_of_record
SF:lib\data\datasources\db\database_helper.dart
DA:9,0
DA:14,0
DA:15,0
DA:19,0
DA:23,0
DA:31,0
DA:34,0
DA:36,0
DA:39,0
DA:40,0
DA:44,0
DA:46,0
DA:48,0
DA:51,0
DA:55,0
DA:56,0
DA:57,0
DA:60,0
DA:64,0
DA:65,0
DA:68,0
DA:72,0
DA:76,0
DA:78,0
DA:81,0
DA:84,0
DA:86,0
DA:95,0
DA:98,0
DA:100,0
LF:30
LH:0
end_of_record
SF:lib\data\datasources\movie\movie_remote_data_source.dart
DA:39,1
DA:44,1
DA:46,3
DA:47,2
DA:49,6
DA:53,1
DA:59,1
DA:61,5
DA:64,2
DA:65,3
DA:68,1
DA:74,1
DA:76,2
DA:77,3
DA:79,2
DA:80,4
DA:83,1
DA:89,1
DA:92,3
DA:93,2
DA:95,2
DA:96,4
DA:99,1
DA:105,1
DA:107,5
DA:110,2
DA:112,4
DA:116,1
DA:122,1
DA:124,2
DA:125,3
DA:128,2
DA:129,4
DA:132,1
LF:34
LH:34
end_of_record
SF:lib\data\models\movies\movie_detail_model.dart
DA:8,2
DA:138,1
DA:141,1
DA:143,1
DA:145,1
DA:147,1
DA:149,1
DA:151,4
DA:153,1
DA:155,1
DA:157,1
DA:159,1
DA:161,1
DA:163,1
DA:165,2
DA:167,1
DA:169,1
DA:171,1
DA:173,1
DA:175,1
DA:177,1
DA:179,1
DA:181,1
DA:183,2
DA:185,1
DA:188,0
DA:190,0
DA:192,0
DA:195,0
DA:198,0
DA:201,0
DA:204,0
DA:207,0
DA:210,0
DA:213,0
DA:216,0
DA:219,0
DA:222,0
DA:225,0
DA:228,0
DA:231,0
DA:234,0
DA:237,0
DA:240,0
DA:243,0
DA:246,0
DA:249,0
DA:252,0
DA:255,1
DA:257,1
DA:259,1
DA:261,1
DA:263,5
DA:265,1
DA:267,1
DA:269,1
DA:271,1
DA:273,1
DA:275,1
DA:277,1
DA:279,1
DA:281,1
DA:285,1
DA:289,1
DA:290,10
DA:291,11
LF:66
LH:43
end_of_record
SF:lib\data\models\movies\movie_model.dart
DA:6,4
DA:64,2
DA:66,2
DA:69,2
DA:71,2
DA:72,2
DA:73,6
DA:75,2
DA:77,2
DA:79,2
DA:81,4
DA:83,2
DA:85,2
DA:87,2
DA:89,2
DA:91,4
DA:93,2
DA:96,1
DA:99,1
DA:101,1
DA:103,1
DA:105,4
DA:107,1
DA:109,1
DA:111,1
DA:113,1
DA:115,1
DA:117,1
DA:119,1
DA:121,1
DA:123,1
DA:125,1
DA:128,2
DA:130,2
DA:132,2
DA:134,2
DA:136,2
DA:138,2
DA:140,2
DA:142,2
DA:144,2
DA:146,2
DA:148,2
DA:150,2
DA:152,2
DA:154,2
DA:156,2
DA:160,2
DA:164,2
DA:165,14
DA:166,12
LF:51
LH:51
end_of_record
SF:lib\data\models\movies\movie_response.dart
DA:10,2
DA:13,2
DA:15,2
DA:16,4
DA:17,4
DA:18,2
DA:19,4
DA:20,2
DA:23,1
DA:25,1
DA:26,4
DA:27,1
DA:30,1
DA:33,2
LF:14
LH:14
end_of_record
SF:lib\data\models\genre_model.dart
DA:7,4
DA:23,2
DA:25,2
DA:27,2
DA:28,2
DA:31,0
DA:33,0
DA:34,0
DA:35,0
DA:38,2
DA:40,2
DA:41,4
DA:44,2
DA:47,6
LF:14
LH:10
end_of_record
SF:lib\data\datasources\tvclil\tvclil_local_data_source.dart
DA:27,1
DA:32,1
DA:36,3
DA:41,2
DA:47,1
DA:51,2
DA:56,2
DA:62,1
DA:64,3
DA:68,1
DA:78,1
DA:81,3
DA:82,2
DA:83,2
LF:14
LH:14
end_of_record
SF:lib\domain\entities\tvclil\tvclil_detail.dart
DA:6,7
DA:50,1
DA:53,1
DA:54,1
DA:55,1
DA:56,1
DA:58,1
DA:59,1
DA:61,1
DA:62,1
DA:64,1
DA:65,1
DA:67,1
LF:13
LH:13
end_of_record
SF:lib\data\models\tvclil\tvclil_table.dart
DA:20,2
DA:30,1
DA:32,1
DA:34,1
DA:35,1
DA:37,1
DA:38,1
DA:41,1
DA:42,1
DA:44,1
DA:45,1
DA:47,1
DA:48,1
DA:51,0
DA:53,0
DA:54,0
DA:55,0
DA:57,0
DA:58,0
DA:61,1
DA:62,1
DA:63,1
DA:64,1
DA:66,1
DA:67,1
DA:70,2
DA:74,10
LF:27
LH:21
end_of_record
SF:lib\domain\entities\tvclil\tvclil.dart
DA:4,7
DA:29,2
DA:60,2
DA:64,2
DA:65,2
DA:66,2
DA:68,2
DA:69,2
DA:71,2
DA:72,2
DA:74,2
DA:75,2
DA:77,2
DA:78,2
DA:80,2
LF:15
LH:15
end_of_record
SF:lib\data\datasources\db\database_helper_tvclil.dart
DA:7,0
DA:12,0
DA:13,0
DA:18,0
DA:22,0
DA:29,0
DA:31,0
DA:33,0
DA:36,0
DA:38,0
DA:43,0
DA:46,0
DA:48,0
DA:52,0
DA:56,0
DA:57,0
DA:58,0
DA:62,0
DA:65,0
DA:66,0
DA:69,0
DA:73,0
DA:74,0
DA:75,0
DA:78,0
DA:81,0
DA:83,0
DA:92,0
DA:94,0
DA:96,0
LF:30
LH:0
end_of_record
SF:lib\data\datasources\tvclil\tvclil_remote_data_source.dart
DA:40,1
DA:45,1
DA:48,5
DA:50,2
DA:52,4
DA:56,1
DA:62,1
DA:65,5
DA:68,2
DA:70,3
DA:74,1
DA:80,1
DA:82,2
DA:83,3
DA:85,2
DA:87,4
DA:91,1
DA:97,1
DA:100,5
DA:102,2
DA:104,4
DA:108,1
DA:114,1
DA:117,5
DA:119,2
DA:121,4
DA:125,1
DA:131,1
DA:133,2
DA:134,3
DA:136,2
DA:138,4
DA:142,1
LF:33
LH:33
end_of_record
SF:lib\data\models\tvclil\tvclil_detail_model.dart
DA:8,2
DA:48,1
DA:49,1
DA:50,1
DA:51,1
DA:53,5
DA:54,1
DA:56,1
DA:57,1
DA:59,1
DA:60,1
DA:62,1
DA:63,1
DA:65,1
DA:66,2
DA:68,1
DA:69,1
DA:71,1
DA:72,1
DA:74,2
DA:75,1
DA:78,0
DA:79,0
DA:80,0
DA:82,0
DA:83,0
DA:85,0
DA:86,0
DA:88,0
DA:89,0
DA:91,0
DA:92,0
DA:94,0
DA:95,0
DA:97,0
DA:98,0
DA:100,0
DA:101,0
DA:103,0
DA:104,0
DA:107,1
DA:109,1
DA:110,1
DA:112,3
DA:113,2
DA:115,1
DA:117,1
DA:119,1
DA:121,1
DA:123,1
DA:125,1
DA:127,1
DA:129,1
DA:133,1
DA:137,1
DA:138,1
DA:139,1
DA:140,1
DA:141,1
DA:142,1
DA:143,1
DA:144,1
DA:145,1
DA:146,1
DA:147,1
DA:148,1
DA:149,1
DA:150,1
DA:151,1
DA:152,1
DA:153,1
DA:154,1
DA:155,1
LF:73
LH:54
end_of_record
SF:lib\data\models\tvclil\tvclil_model.dart
DA:6,4
DA:76,2
DA:78,2
DA:81,2
DA:83,8
DA:84,2
DA:86,2
DA:87,2
DA:89,4
DA:90,2
DA:92,2
DA:93,2
DA:95,4
DA:96,2
DA:99,2
DA:100,1
DA:101,4
DA:102,1
DA:103,1
DA:104,1
DA:105,1
DA:106,1
DA:107,1
DA:108,1
DA:109,1
DA:110,1
DA:112,2
DA:113,2
DA:114,2
DA:115,2
DA:116,2
DA:117,2
DA:118,2
DA:119,2
DA:120,2
DA:121,2
DA:122,2
DA:123,2
DA:124,2
DA:127,2
DA:130,2
DA:131,2
DA:132,2
DA:134,2
DA:135,2
DA:137,2
DA:138,2
DA:140,2
DA:141,2
DA:143,2
DA:144,2
DA:146,2
LF:52
LH:52
end_of_record
SF:lib\data\models\tvclil\tvclil_response.dart
DA:10,2
DA:12,2
DA:13,2
DA:15,4
DA:16,4
DA:17,2
DA:19,6
DA:22,1
DA:23,1
DA:24,4
DA:25,1
DA:28,1
DA:31,2
LF:13
LH:13
end_of_record
SF:lib\data\repositories\movie_repository_impl.dart
DA:21,1
DA:29,1
DA:34,3
DA:35,3
DA:36,2
DA:38,1
DA:40,2
DA:42,1
DA:44,2
DA:50,1
DA:55,3
DA:56,1
DA:57,1
DA:59,1
DA:61,2
DA:63,1
DA:65,2
DA:70,1
DA:72,3
DA:73,3
DA:74,1
DA:75,2
DA:76,1
DA:77,2
DA:82,1
DA:87,3
DA:88,3
DA:89,2
DA:91,1
DA:93,1
DA:94,1
DA:96,1
DA:98,2
DA:103,1
DA:108,3
DA:109,3
DA:110,2
DA:112,1
DA:113,2
DA:115,1
DA:116,2
DA:121,1
DA:126,3
DA:127,3
DA:128,2
DA:130,1
DA:131,2
DA:133,1
DA:134,2
DA:140,1
DA:143,4
DA:144,1
DA:146,1
DA:148,3
DA:158,1
DA:163,4
DA:164,1
DA:166,1
DA:168,3
DA:174,1
DA:177,3
DA:183,1
DA:186,3
DA:187,3
DA:188,2
LF:65
LH:65
end_of_record
SF:lib\data\repositories\tvclil_repository_impl.dart
DA:19,1
DA:30,1
DA:35,3
DA:36,3
DA:37,2
DA:39,1
DA:41,2
DA:43,1
DA:45,2
DA:51,1
DA:56,3
DA:57,2
DA:59,1
DA:60,2
DA:62,1
DA:64,2
DA:70,1
DA:73,3
DA:74,2
DA:75,1
DA:77,1
DA:78,2
DA:80,1
DA:81,2
DA:87,1
DA:91,3
DA:92,5
DA:94,1
DA:95,2
DA:97,1
DA:98,2
DA:104,1
DA:108,3
DA:109,5
DA:111,1
DA:112,2
DA:114,1
DA:115,2
DA:121,1
DA:124,3
DA:125,3
DA:126,2
DA:128,1
DA:129,2
DA:131,1
DA:132,2
DA:138,1
DA:142,4
DA:143,1
DA:145,1
DA:147,3
DA:156,1
DA:161,4
DA:162,1
DA:164,1
DA:166,3
DA:171,1
DA:174,3
DA:180,1
DA:182,3
DA:183,3
DA:184,2
LF:62
LH:62
end_of_record
SF:lib\domain\usecases\movies\get_movie_detail.dart
DA:12,1
DA:15,1
DA:18,2
LF:3
LH:3
end_of_record
SF:lib\domain\usecases\movies\get_movie_recommendations.dart
DA:13,1
DA:16,1
DA:19,2
LF:3
LH:3
end_of_record
SF:lib\domain\usecases\movies\get_now_playing_movies.dart
DA:12,1
DA:15,1
DA:18,2
LF:3
LH:3
end_of_record
SF:lib\domain\usecases\movies\get_popular_movies.dart
DA:12,1
DA:15,1
DA:18,2
LF:3
LH:3
end_of_record
SF:lib\domain\usecases\movies\get_top_rated_movies.dart
DA:12,1
DA:15,1
DA:17,2
LF:3
LH:3
end_of_record
SF:lib\domain\usecases\movies\get_watchlist_movies.dart
DA:12,1
DA:15,1
DA:18,2
LF:3
LH:3
end_of_record
SF:lib\domain\usecases\movies\get_watchlist_status.dart
DA:8,1
DA:12,1
DA:14,2
LF:3
LH:3
end_of_record
SF:lib\domain\usecases\movies\remove_watchlist.dart
DA:12,1
DA:15,1
DA:19,2
LF:3
LH:3
end_of_record
SF:lib\domain\usecases\movies\save_watchlist.dart
DA:12,1
DA:15,1
DA:19,2
LF:3
LH:3
end_of_record
SF:lib\domain\usecases\movies\search_movies.dart
DA:12,1
DA:15,1
DA:18,2
LF:3
LH:3
end_of_record
SF:lib\domain\usecases\tvclil\get_tvclil_detail.dart
DA:13,2
DA:16,2
DA:19,4
LF:3
LH:3
end_of_record
SF:lib\domain\usecases\tvclil\get_popluar_tvclil.dart
DA:13,1
DA:16,1
DA:18,2
LF:3
LH:3
end_of_record
SF:lib\domain\usecases\tvclil\get_top_rated_tvclil.dart
DA:13,1
DA:16,1
DA:18,2
LF:3
LH:3
end_of_record
SF:lib\domain\usecases\tvclil\get_tvclil_recomendations.dart
DA:12,1
DA:15,1
DA:17,2
LF:3
LH:3
end_of_record
SF:lib\domain\usecases\tvclil\get_watchlist_status_tvclil.dart
DA:9,2
DA:13,2
DA:15,4
LF:3
LH:3
end_of_record
SF:lib\domain\usecases\tvclil\remove_watchlist_tvclil.dart
DA:13,1
DA:16,1
DA:19,2
LF:3
LH:3
end_of_record
SF:lib\domain\usecases\tvclil\save_watchlist_tvclil.dart
DA:12,1
DA:15,1
DA:18,2
LF:3
LH:3
end_of_record
SF:lib\domain\usecases\tvclil\search_tvclil.dart
DA:12,1
DA:15,1
DA:18,2
LF:3
LH:3
end_of_record
SF:lib\common\state_enum.dart
DA:1,17
LF:1
LH:1
end_of_record
SF:lib\presentation\pages\popular_movies_page.dart
DA:11,1
DA:12,1
DA:16,1
DA:18,1
DA:19,2
DA:20,2
DA:21,1
DA:24,1
DA:26,1
DA:27,1
DA:28,1
DA:31,1
DA:33,1
DA:34,1
DA:35,2
DA:36,1
DA:37,1
DA:39,2
DA:40,1
DA:41,0
DA:42,0
DA:43,0
DA:45,2
DA:48,1
DA:49,1
DA:51,1
DA:52,1
LF:27
LH:24
end_of_record
SF:lib\presentation\provider\movies\popular_movies_notifier.dart
DA:10,1
DA:14,2
DA:17,2
DA:20,2
DA:22,1
DA:23,1
DA:24,1
DA:26,3
DA:28,1
DA:29,1
DA:30,2
DA:31,1
DA:32,1
DA:34,1
DA:35,1
DA:36,1
DA:37,1
LF:17
LH:17
end_of_record
SF:lib\presentation\widget\movie_card_list.dart
DA:11,0
DA:13,0
DA:16,0
DA:18,0
DA:19,0
DA:20,0
DA:23,0
DA:26,0
DA:28,0
DA:29,0
DA:30,0
DA:36,0
DA:38,0
DA:39,0
DA:40,0
DA:45,0
DA:47,0
DA:48,0
DA:49,0
DA:57,0
DA:63,0
DA:65,0
DA:66,0
DA:69,0
DA:70,0
DA:73,0
DA:76,0
DA:77,0
LF:28
LH:0
end_of_record
SF:lib\common\constants.dart
DA:21,4
DA:22,2
DA:25,6
DA:28,0
DA:31,0
DA:35,0
DA:37,0
DA:40,0
DA:43,0
DA:45,0
LF:10
LH:3
end_of_record
SF:lib\presentation\pages\movie_detail_page.dart
DA:17,1
DA:19,1
DA:21,1
DA:25,1
DA:27,1
DA:28,2
DA:29,2
DA:30,3
DA:31,2
DA:32,3
DA:36,1
DA:38,1
DA:39,1
DA:40,1
DA:41,2
DA:42,0
DA:43,0
DA:45,2
DA:46,1
DA:47,1
DA:48,1
DA:50,1
DA:51,1
DA:55,0
DA:68,1
DA:70,1
DA:72,3
DA:73,1
DA:74,1
DA:75,1
DA:77,3
DA:79,2
DA:80,1
DA:82,0
DA:84,1
DA:86,1
DA:87,1
DA:88,1
DA:89,1
DA:91,2
DA:98,1
DA:99,1
DA:100,1
DA:102,1
DA:104,1
DA:106,1
DA:107,1
DA:108,2
DA:109,1
DA:111,1
DA:112,1
DA:113,1
DA:114,2
DA:117,2
DA:119,0
DA:122,0
DA:126,1
DA:128,1
DA:130,1
DA:133,1
DA:136,2
DA:137,2
DA:139,1
DA:141,1
DA:142,1
DA:143,1
DA:148,1
DA:150,1
DA:151,1
DA:152,1
DA:153,1
DA:154,1
DA:159,1
DA:160,3
DA:162,1
DA:163,3
DA:165,1
DA:166,1
DA:167,1
DA:168,3
DA:170,2
DA:176,4
DA:179,1
DA:180,1
DA:182,1
DA:184,1
DA:185,2
DA:187,1
DA:188,1
DA:190,1
DA:192,1
DA:193,1
DA:194,2
DA:196,0
DA:197,0
DA:199,2
DA:201,0
DA:202,2
DA:204,1
DA:206,1
DA:208,0
DA:209,0
DA:210,0
DA:212,0
DA:213,0
DA:214,0
DA:217,0
DA:220,0
DA:221,0
DA:222,0
DA:224,0
DA:226,0
DA:227,0
DA:228,0
DA:230,0
DA:233,0
DA:234,0
DA:240,2
DA:244,0
DA:252,1
DA:254,1
DA:269,1
DA:271,1
DA:274,1
DA:275,1
DA:276,0
DA:277,0
DA:286,1
DA:288,2
DA:289,3
DA:292,1
DA:296,3
DA:299,1
DA:301,1
DA:303,1
DA:305,1
DA:306,1
DA:308,0
LF:138
LH:108
end_of_record
SF:lib\presentation\provider\movies\movie_detail_notifier.dart
DA:29,1
DA:43,1
DA:44,1
DA:47,1
DA:48,1
DA:51,1
DA:52,1
DA:55,1
DA:56,1
DA:59,2
DA:62,2
DA:64,1
DA:65,1
DA:66,1
DA:67,3
DA:68,3
DA:69,1
DA:70,1
DA:71,1
DA:72,2
DA:73,1
DA:75,1
DA:76,1
DA:77,1
DA:78,1
DA:79,1
DA:80,1
DA:81,1
DA:82,2
DA:84,1
DA:85,1
DA:86,1
DA:89,1
DA:90,1
DA:96,2
DA:98,1
DA:99,3
DA:101,2
DA:102,1
DA:103,2
DA:105,1
DA:106,1
DA:110,3
DA:113,1
DA:114,3
DA:116,2
DA:117,0
DA:118,0
DA:120,1
DA:121,1
DA:125,3
DA:129,1
DA:131,3
DA:132,1
DA:134,1
LF:55
LH:53
end_of_record
SF:lib\presentation\pages\top_rated_movies_page.dart
DA:10,1
DA:12,1
DA:16,1
DA:18,1
DA:19,2
DA:20,2
DA:21,1
DA:24,1
DA:27,1
DA:28,1
DA:29,1
DA:32,1
DA:34,1
DA:36,1
DA:38,2
DA:39,1
DA:40,1
DA:43,2
DA:44,1
DA:46,0
DA:47,0
DA:48,0
DA:50,2
DA:53,1
DA:54,1
DA:56,2
LF:26
LH:23
end_of_record
SF:lib\presentation\provider\movies\top_rated_movies_notifier.dart
DA:10,1
DA:14,2
DA:18,1
DA:19,1
DA:22,2
DA:24,1
DA:25,1
DA:26,1
DA:28,3
DA:30,1
DA:31,1
DA:32,2
DA:33,1
DA:34,1
DA:36,1
DA:37,1
DA:38,1
DA:39,1
LF:18
LH:18
end_of_record
SF:lib\presentation\provider\tvclil\popular_tvclil_notifier.dart
DA:9,1
DA:14,1
DA:15,1
DA:19,1
DA:20,1
DA:23,2
DA:25,1
DA:27,1
DA:28,1
DA:30,3
DA:32,1
DA:33,1
DA:34,2
DA:35,1
DA:36,1
DA:38,1
DA:39,1
DA:40,1
DA:41,1
LF:19
LH:19
end_of_record
SF:lib\presentation\pages\popular_tvclil_page.dart
DA:10,1
DA:11,1
DA:15,1
DA:17,1
DA:18,2
DA:19,2
DA:20,1
DA:23,1
DA:25,1
DA:26,1
DA:27,1
DA:30,1
DA:32,1
DA:33,1
DA:34,2
DA:35,1
DA:36,1
DA:38,2
DA:39,1
DA:40,0
DA:41,0
DA:42,0
DA:44,2
DA:47,1
DA:48,1
DA:51,1
DA:52,1
LF:27
LH:24
end_of_record
SF:lib\presentation\widget\tvclil_card_list.dart
DA:11,0
DA:13,0
DA:15,0
DA:17,0
DA:18,0
DA:19,0
DA:22,0
DA:25,0
DA:28,0
DA:29,0
DA:30,0
DA:36,0
DA:39,0
DA:40,0
DA:41,0
DA:45,0
DA:47,0
DA:48,0
DA:49,0
DA:58,0
DA:64,0
DA:66,0
DA:67,0
DA:69,0
DA:71,0
DA:73,0
DA:76,0
LF:27
LH:0
end_of_record
SF:lib\presentation\pages\tvclil_detail_page.dart
DA:16,1
DA:18,1
DA:19,1
DA:23,1
DA:25,1
DA:26,2
DA:27,1
DA:28,1
DA:29,3
DA:30,1
DA:31,1
DA:32,3
DA:36,1
DA:38,1
DA:39,1
DA:41,1
DA:43,2
DA:44,0
DA:45,0
DA:49,2
DA:50,1
DA:51,1
DA:52,1
DA:54,1
DA:55,1
DA:59,0
DA:72,1
DA:75,1
DA:79,3
DA:80,1
DA:81,1
DA:82,1
DA:84,3
DA:87,2
DA:88,1
DA:91,0
DA:93,1
DA:96,1
DA:98,1
DA:99,1
DA:100,1
DA:102,2
DA:109,1
DA:110,1
DA:111,1
DA:113,1
DA:115,1
DA:117,1
DA:118,1
DA:119,2
DA:120,1
DA:122,1
DA:123,1
DA:124,1
DA:125,2
DA:129,2
DA:131,0
DA:135,0
DA:139,1
DA:141,1
DA:143,1
DA:146,1
DA:149,2
DA:150,2
DA:152,1
DA:154,1
DA:155,1
DA:156,1
DA:161,1
DA:163,1
DA:164,1
DA:165,1
DA:166,1
DA:167,1
DA:171,1
DA:172,3
DA:174,1
DA:175,2
DA:177,1
DA:178,1
DA:179,1
DA:180,3
DA:182,2
DA:188,4
DA:191,1
DA:192,1
DA:194,1
DA:196,1
DA:197,2
DA:199,1
DA:200,1
DA:202,1
DA:204,1
DA:205,1
DA:206,2
DA:208,0
DA:209,0
DA:211,2
DA:213,0
DA:214,2
DA:216,1
DA:218,1
DA:220,0
DA:221,0
DA:222,0
DA:224,0
DA:225,0
DA:226,0
DA:229,0
DA:232,0
DA:233,0
DA:234,0
DA:236,0
DA:238,0
DA:239,0
DA:240,0
DA:242,0
DA:245,0
DA:246,0
DA:252,2
DA:256,0
DA:264,1
DA:266,1
DA:281,1
DA:283,1
DA:286,1
DA:287,1
DA:288,0
DA:289,0
DA:299,1
DA:302,2
DA:303,3
DA:306,1
DA:311,3
LF:134
LH:105
end_of_record
SF:lib\presentation\provider\tvclil\tvclil_detail_notifier.dart
DA:34,1
DA:48,2
DA:53,1
DA:54,1
DA:59,1
DA:60,1
DA:65,1
DA:66,1
DA:69,2
DA:72,2
DA:74,1
DA:75,1
DA:76,1
DA:78,3
DA:80,3
DA:81,1
DA:82,1
DA:83,1
DA:84,2
DA:85,1
DA:87,1
DA:88,1
DA:89,1
DA:90,1
DA:91,1
DA:92,1
DA:93,1
DA:94,2
DA:96,1
DA:97,1
DA:98,1
DA:101,1
DA:102,1
DA:108,2
DA:110,1
DA:111,3
DA:113,2
DA:114,1
DA:115,2
DA:117,1
DA:118,1
DA:122,3
DA:126,1
DA:128,3
DA:130,2
DA:131,0
DA:132,0
DA:134,1
DA:135,1
DA:139,3
DA:143,1
DA:145,3
DA:146,1
DA:148,1
LF:54
LH:52
end_of_record
SF:lib\presentation\pages\top_rated_tvclil_page.dart
DA:10,1
DA:11,1
DA:15,1
DA:17,1
DA:18,2
DA:19,2
DA:20,1
DA:23,1
DA:25,1
DA:26,1
DA:27,1
DA:30,1
DA:32,1
DA:34,1
DA:36,2
DA:37,1
DA:38,1
DA:41,2
DA:42,1
DA:43,0
DA:44,0
DA:45,0
DA:47,2
DA:50,1
DA:51,1
DA:53,2
LF:26
LH:23
end_of_record
SF:lib\presentation\provider\tvclil\top_rated_tvclil_notifier.dart
DA:10,1
DA:15,1
DA:16,1
DA:20,1
DA:21,1
DA:24,2
DA:27,1
DA:28,1
DA:29,1
DA:32,3
DA:34,1
DA:35,1
DA:36,1
DA:37,1
DA:38,1
DA:40,1
DA:42,1
DA:43,1
DA:45,1
DA:47,1
LF:20
LH:20
end_of_record
SF:lib\presentation\provider\movies\movie_list_notifier.dart
DA:10,1
DA:12,1
DA:15,1
DA:16,1
DA:19,1
DA:20,1
DA:23,1
DA:24,1
DA:27,1
DA:28,1
DA:31,1
DA:32,1
DA:35,2
DA:37,1
DA:53,1
DA:54,1
DA:56,1
DA:59,3
DA:60,1
DA:61,1
DA:62,1
DA:64,1
DA:65,1
DA:66,1
DA:68,1
DA:69,1
DA:70,1
DA:71,1
DA:76,1
DA:77,1
DA:78,1
DA:80,3
DA:81,1
DA:82,1
DA:83,1
DA:84,2
DA:85,1
DA:87,1
DA:88,1
DA:89,1
DA:90,1
DA:95,1
DA:96,1
DA:97,1
DA:99,3
DA:100,1
DA:101,1
DA:102,1
DA:103,2
DA:104,1
DA:106,1
DA:107,1
DA:108,1
DA:109,1
LF:54
LH:54
end_of_record
SF:lib\presentation\provider\movies\movie_search_notifier.dart
DA:9,1
DA:12,2
DA:15,2
DA:18,2
DA:20,1
DA:21,1
DA:22,1
DA:24,3
DA:25,1
DA:26,1
DA:27,2
DA:28,1
DA:29,1
DA:31,1
DA:32,1
DA:33,1
DA:34,1
LF:17
LH:17
end_of_record
SF:lib\domain\usecases\tvclil\get_now_playing_tvclil.dart
DA:12,0
DA:15,0
DA:18,0
LF:3
LH:0
end_of_record
SF:lib\presentation\provider\tvclil\tvclil_list_notifier.dart
DA:12,1
DA:13,1
DA:16,2
DA:20,1
DA:21,1
DA:24,2
DA:28,1
DA:29,1
DA:32,2
DA:35,2
DA:37,1
DA:53,1
DA:54,1
DA:55,1
DA:57,3
DA:58,1
DA:59,1
DA:60,1
DA:61,2
DA:62,1
DA:64,1
DA:65,1
DA:66,1
DA:67,1
DA:72,1
DA:73,1
DA:74,1
DA:76,3
DA:77,1
DA:78,1
DA:79,1
DA:80,2
DA:81,1
DA:83,1
DA:84,1
DA:85,1
DA:86,1
DA:91,1
DA:93,1
DA:95,1
DA:98,3
DA:99,1
DA:100,1
DA:101,1
DA:103,2
DA:104,1
DA:106,1
DA:107,1
DA:109,1
DA:110,1
LF:50
LH:50
end_of_record
SF:lib\presentation\provider\tvclil\tvclil_search_notifier.dart
DA:10,1
DA:15,1
DA:16,1
DA:20,1
DA:21,1
DA:24,2
DA:26,1
DA:27,1
DA:29,1
DA:32,3
DA:33,1
DA:34,1
DA:35,1
DA:36,1
DA:37,1
DA:39,1
DA:41,1
DA:42,1
DA:44,1
DA:46,1
LF:20
LH:20
end_of_record
SF:lib\domain\usecases\tvclil\get_watchlist_tvclil.dart
DA:12,0
DA:15,0
DA:18,0
LF:3
LH:0
end_of_record
SF:lib\presentation\provider\tvclil\watchlist_tvclil_notifier.dart
DA:9,1
DA:12,1
DA:15,2
DA:18,2
DA:20,1
DA:24,1
DA:25,1
DA:26,1
DA:28,3
DA:29,1
DA:30,1
DA:31,1
DA:32,2
DA:33,1
DA:35,1
DA:36,1
DA:37,1
DA:38,1
LF:18
LH:18
end_of_record
