SF:lib\common\exception.dart
DA:14,4
LF:1
LH:1
end_of_record
SF:lib\data\datasources\movie\movie_local_data_source.dart
DA:35,1
DA:40,1
DA:45,3
DA:51,1
DA:52,1
DA:58,1
DA:63,3
DA:69,1
DA:70,1
DA:76,1
DA:80,3
DA:87,1
DA:101,1
DA:105,1
DA:106,2
DA:108,2
DA:109,1
DA:110,1
LF:18
LH:18
end_of_record
SF:lib\domain\entities\genre.dart
DA:10,12
DA:30,3
DA:35,3
DA:36,3
DA:37,3
LF:5
LH:5
end_of_record
SF:lib\domain\entities\movies\movie.dart
DA:12,3
DA:83,2
DA:162,3
DA:168,3
DA:170,3
DA:171,3
DA:172,3
DA:175,3
DA:176,3
DA:177,3
DA:180,3
DA:181,3
DA:182,3
DA:185,3
DA:186,3
DA:187,3
DA:188,3
LF:17
LH:17
end_of_record
SF:lib\domain\entities\tvclil\tvclil.dart
DA:10,2
DA:57,2
DA:128,3
DA:133,3
DA:134,3
DA:135,3
DA:138,3
DA:139,3
DA:140,3
DA:143,3
DA:144,3
DA:145,3
DA:148,3
DA:149,3
DA:150,3
LF:15
LH:15
end_of_record
SF:lib\data\models\movies\movie_table.dart
DA:31,2
DA:59,1
DA:66,1
DA:73,1
DA:78,1
DA:83,1
DA:88,1
DA:92,1
DA:100,1
DA:105,1
DA:110,1
DA:115,1
DA:120,1
DA:126,0
DA:132,0
DA:135,0
DA:138,0
DA:141,0
DA:144,0
DA:149,1
DA:155,1
DA:161,1
DA:165,1
DA:169,1
DA:173,1
DA:178,2
DA:185,4
DA:186,2
DA:189,2
DA:190,2
LF:30
LH:24
end_of_record
SF:lib\data\models\tvclil\tvclil_table.dart
DA:28,2
DA:57,1
DA:62,1
DA:68,1
DA:72,1
DA:76,1
DA:80,1
DA:84,1
DA:90,1
DA:95,1
DA:99,1
DA:103,1
DA:107,1
DA:112,0
DA:117,0
DA:120,0
DA:123,0
DA:126,0
DA:129,0
DA:133,1
DA:137,1
DA:140,1
DA:143,1
DA:146,1
DA:149,1
DA:153,2
DA:160,2
DA:162,4
DA:164,4
LF:29
LH:23
end_of_record
SF:lib\domain\entities\movies\movie_detail.dart
DA:13,6
DA:109,2
DA:117,2
DA:119,2
DA:120,2
DA:121,2
DA:123,2
DA:124,2
DA:125,2
DA:127,2
DA:128,2
DA:129,2
DA:131,2
DA:132,2
LF:14
LH:14
end_of_record
SF:lib\domain\entities\tvclil\tvclil_detail.dart
DA:11,6
DA:106,1
DA:112,1
DA:114,1
DA:115,1
DA:118,1
DA:119,1
DA:120,1
DA:122,1
DA:123,1
DA:126,1
DA:127,1
DA:128,1
LF:13
LH:13
end_of_record
SF:lib\common\failure.dart
DA:7,14
DA:9,2
DA:12,4
DA:18,14
DA:22,14
DA:27,2
DA:31,2
DA:38,4
DA:41,4
DA:46,0
DA:48,0
LF:11
LH:9
end_of_record
SF:lib\data\datasources\db\database_helper.dart
DA:6,0
DA:10,0
DA:11,0
DA:17,0
DA:23,0
DA:31,0
DA:33,0
DA:35,0
DA:38,0
DA:39,0
DA:43,0
DA:44,0
DA:46,0
DA:49,0
DA:52,0
DA:53,0
DA:56,0
DA:59,0
DA:60,0
DA:63,0
DA:67,0
DA:70,0
DA:71,0
DA:72,0
DA:75,0
DA:77,0
DA:85,0
DA:87,0
DA:89,0
LF:29
LH:0
end_of_record
SF:lib\data\datasources\db\database_helper_tvclil.dart
DA:6,0
DA:9,0
DA:10,0
DA:15,0
DA:19,0
DA:26,0
DA:29,0
DA:31,0
DA:35,0
DA:38,0
DA:40,0
DA:43,0
DA:46,0
DA:47,0
DA:48,0
DA:52,0
DA:55,0
DA:56,0
DA:59,0
DA:63,0
DA:65,0
DA:66,0
DA:69,0
DA:72,0
DA:73,0
DA:81,0
DA:84,0
DA:86,0
LF:28
LH:0
end_of_record
SF:lib\data\datasources\movie\movie_remote_data_source.dart
DA:55,1
DA:62,1
DA:65,3
DA:66,1
DA:67,1
DA:69,2
DA:70,1
DA:71,3
DA:76,1
DA:83,1
DA:87,3
DA:88,1
DA:89,1
DA:92,2
DA:93,1
DA:94,2
DA:98,1
DA:105,1
DA:109,2
DA:110,2
DA:111,1
DA:113,2
DA:115,4
DA:120,1
DA:127,1
DA:132,1
DA:133,2
DA:135,1
DA:136,1
DA:138,2
DA:139,4
DA:143,1
DA:149,1
DA:151,5
DA:154,2
DA:156,4
DA:161,1
DA:167,1
DA:169,2
DA:170,3
DA:173,2
DA:174,4
DA:178,1
LF:43
LH:43
end_of_record
SF:lib\data\datasources\tvclil\tvclil_local_data_source.dart
DA:43,1
DA:48,1
DA:54,1
DA:55,1
DA:56,1
DA:64,1
DA:65,1
DA:72,1
DA:78,2
DA:83,2
DA:90,1
DA:95,3
DA:103,1
DA:118,1
DA:123,3
DA:126,2
DA:127,1
DA:128,1
LF:18
LH:18
end_of_record
SF:lib\data\datasources\tvclil\tvclil_remote_data_source.dart
DA:75,1
DA:85,1
DA:91,3
DA:92,1
DA:93,1
DA:96,2
DA:100,1
DA:101,2
DA:102,1
DA:108,1
DA:117,1
DA:124,3
DA:125,1
DA:126,1
DA:129,2
DA:132,1
DA:133,1
DA:134,1
DA:142,1
DA:153,1
DA:160,2
DA:161,2
DA:162,1
DA:165,2
DA:167,1
DA:168,1
DA:169,2
DA:173,1
DA:183,1
DA:189,3
DA:190,1
DA:191,1
DA:194,2
DA:197,1
DA:198,1
DA:199,1
DA:200,1
DA:207,1
DA:218,1
DA:224,3
DA:225,1
DA:226,1
DA:229,2
DA:232,1
DA:233,1
DA:234,1
DA:235,1
DA:242,1
DA:253,1
DA:259,2
DA:260,2
DA:261,1
DA:264,2
DA:267,1
DA:268,1
DA:269,1
DA:270,1
DA:277,1
LF:58
LH:58
end_of_record
SF:lib\data\models\movies\movie_detail_model.dart
DA:13,2
DA:228,1
DA:236,1
DA:239,1
DA:241,1
DA:243,1
DA:247,1
DA:250,2
DA:251,1
DA:252,1
DA:256,1
DA:260,1
DA:264,1
DA:268,1
DA:272,1
DA:276,1
DA:280,1
DA:283,1
DA:287,1
DA:291,1
DA:295,1
DA:299,1
DA:303,1
DA:307,1
DA:311,1
DA:315,1
DA:319,2
DA:323,1
DA:327,0
DA:332,0
DA:335,0
DA:339,0
DA:343,0
DA:347,0
DA:350,0
DA:351,0
DA:356,0
DA:360,0
DA:364,0
DA:368,0
DA:372,0
DA:376,0
DA:380,0
DA:384,0
DA:388,0
DA:392,0
DA:396,0
DA:400,0
DA:404,0
DA:408,0
DA:412,0
DA:416,0
DA:420,0
DA:425,1
DA:432,1
DA:436,1
DA:441,1
DA:446,1
DA:447,1
DA:448,1
DA:450,1
DA:452,1
DA:457,1
DA:462,1
DA:467,1
DA:472,1
DA:477,1
DA:482,1
DA:487,1
DA:492,1
DA:494,1
DA:499,1
DA:506,1
DA:508,1
DA:509,1
DA:510,1
DA:511,1
DA:512,1
DA:514,1
DA:515,1
DA:516,1
DA:517,1
DA:518,1
DA:520,1
DA:521,1
DA:522,1
DA:523,1
DA:524,1
DA:526,1
DA:527,1
DA:528,1
DA:529,1
DA:530,1
DA:531,1
LF:94
LH:69
end_of_record
SF:lib\data\models\movies\movie_model.dart
DA:11,3
DA:150,1
DA:157,1
DA:163,1
DA:167,1
DA:171,1
DA:173,2
DA:174,1
DA:179,1
DA:183,1
DA:187,1
DA:191,2
DA:195,1
DA:199,1
DA:203,1
DA:207,1
DA:211,2
DA:215,1
DA:220,0
DA:224,0
DA:227,0
DA:231,0
DA:235,0
DA:237,0
DA:238,0
DA:243,0
DA:247,0
DA:251,0
DA:255,0
DA:259,0
DA:263,0
DA:267,0
DA:271,0
DA:275,0
DA:279,0
DA:284,2
DA:290,2
DA:295,2
DA:300,2
DA:305,2
DA:310,2
DA:315,2
DA:320,2
DA:325,2
DA:330,2
DA:335,2
DA:340,2
DA:345,2
DA:350,2
DA:355,2
DA:362,1
DA:368,1
DA:370,1
DA:371,1
DA:372,1
DA:373,2
DA:375,1
DA:376,1
DA:377,1
DA:379,1
DA:380,1
DA:381,1
DA:383,1
DA:384,1
LF:64
LH:47
end_of_record
SF:lib\data\models\tvclil\tvclil_detail_model.dart
DA:13,2
DA:56,1
DA:64,1
DA:69,1
DA:74,1
DA:77,1
DA:80,1
DA:81,2
DA:83,1
DA:88,1
DA:92,1
DA:96,1
DA:100,1
DA:104,1
DA:108,1
DA:112,1
DA:116,1
DA:120,1
DA:121,1
DA:125,1
DA:129,1
DA:133,1
DA:137,1
DA:141,1
DA:142,1
DA:146,1
DA:150,0
DA:154,0
DA:157,0
DA:160,0
DA:163,0
DA:166,0
DA:167,0
DA:168,0
DA:171,0
DA:174,0
DA:177,0
DA:180,0
DA:183,0
DA:186,0
DA:189,0
DA:192,0
DA:195,0
DA:198,0
DA:201,0
DA:204,0
DA:207,0
DA:210,0
DA:213,0
DA:217,1
DA:223,1
DA:228,1
DA:231,1
DA:232,2
DA:233,1
DA:234,1
DA:238,1
DA:242,1
DA:246,1
DA:250,1
DA:254,1
DA:258,1
DA:262,1
DA:266,1
DA:272,1
DA:278,1
DA:280,1
DA:281,1
DA:282,1
DA:283,1
DA:285,1
DA:286,1
DA:287,1
DA:288,1
DA:290,1
DA:291,1
DA:292,1
DA:293,1
DA:295,1
DA:296,1
DA:297,1
DA:298,1
DA:300,1
DA:301,1
LF:84
LH:61
end_of_record
SF:lib\data\models\tvclil\tvclil_model.dart
DA:11,3
DA:130,1
DA:139,1
DA:144,1
DA:147,1
DA:150,1
DA:151,2
DA:152,1
DA:157,1
DA:162,1
DA:166,1
DA:168,1
DA:173,1
DA:178,1
DA:179,1
DA:184,1
DA:185,1
DA:190,1
DA:195,0
DA:198,0
DA:202,0
DA:205,0
DA:208,0
DA:209,0
DA:212,0
DA:216,0
DA:220,0
DA:224,0
DA:228,0
DA:232,0
DA:236,0
DA:240,0
DA:244,0
DA:249,2
DA:254,2
DA:260,2
DA:265,2
DA:270,2
DA:275,2
DA:280,2
DA:285,2
DA:290,2
DA:295,2
DA:300,2
DA:305,2
DA:310,2
DA:316,1
DA:322,1
DA:324,1
DA:325,2
DA:326,1
DA:327,1
DA:329,1
DA:330,1
DA:331,1
DA:333,1
DA:334,1
DA:335,1
LF:58
LH:43
end_of_record
SF:lib\data\models\movies\movie_response.dart
DA:17,1
DA:23,1
DA:30,1
DA:34,1
DA:37,1
DA:38,2
DA:40,1
DA:41,2
DA:42,1
DA:48,0
DA:51,0
DA:55,0
DA:58,0
DA:59,0
DA:60,0
DA:65,0
DA:71,0
LF:17
LH:9
end_of_record
SF:lib\data\models\tvclil\tvclil_response.dart
DA:18,1
DA:22,1
DA:31,1
DA:33,1
DA:37,1
DA:39,2
DA:43,1
DA:44,1
DA:45,1
DA:47,1
DA:52,0
DA:57,0
DA:60,0
DA:63,0
DA:64,0
DA:67,0
DA:72,0
LF:17
LH:10
end_of_record
SF:lib\data\models\genre_model.dart
DA:12,4
DA:35,2
DA:39,2
DA:44,2
DA:48,2
DA:53,0
DA:58,0
DA:61,0
DA:64,0
DA:68,2
DA:73,2
DA:76,2
DA:79,2
DA:82,2
DA:88,2
DA:89,2
DA:90,2
LF:17
LH:13
end_of_record
SF:lib\data\repositories\movie_repository_impl.dart
DA:26,1
DA:49,1
DA:60,1
DA:61,2
DA:63,1
DA:64,2
DA:65,2
DA:68,1
DA:71,1
DA:72,1
DA:75,1
DA:81,1
DA:82,1
DA:85,0
DA:86,0
DA:99,1
DA:108,1
DA:109,1
DA:110,1
DA:113,1
DA:114,1
DA:117,1
DA:123,1
DA:124,1
DA:127,1
DA:133,1
DA:134,1
DA:139,0
DA:141,0
DA:142,0
DA:153,1
DA:165,1
DA:166,1
DA:167,1
DA:170,1
DA:171,1
DA:172,0
DA:173,0
DA:174,1
DA:177,1
DA:182,1
DA:183,1
DA:186,1
DA:191,1
DA:192,1
DA:195,0
DA:201,0
DA:202,0
DA:216,1
DA:227,1
DA:228,2
DA:231,1
DA:232,1
DA:233,1
DA:234,1
DA:235,1
DA:238,1
DA:243,1
DA:245,1
DA:247,1
DA:251,1
DA:252,1
DA:256,0
DA:258,0
DA:259,0
DA:272,1
DA:284,1
DA:285,1
DA:286,1
DA:289,1
DA:290,1
DA:291,1
DA:293,1
DA:294,1
DA:298,1
DA:303,1
DA:304,1
DA:307,1
DA:309,2
DA:313,0
DA:317,0
DA:318,0
DA:330,1
DA:341,1
DA:342,1
DA:343,1
DA:346,1
DA:347,1
DA:348,1
DA:350,1
DA:351,1
DA:354,1
DA:358,1
DA:359,1
DA:363,1
DA:368,1
DA:369,1
DA:373,0
DA:378,0
DA:379,0
DA:391,1
DA:401,1
DA:402,2
DA:403,1
DA:406,1
DA:410,1
DA:417,1
DA:418,2
DA:437,1
DA:448,1
DA:449,2
DA:450,1
DA:453,1
DA:458,1
DA:465,1
DA:466,1
DA:467,1
DA:475,1
DA:483,1
DA:484,2
DA:498,1
DA:506,1
DA:507,2
DA:510,1
DA:511,1
DA:512,1
DA:514,1
DA:515,1
LF:128
LH:109
end_of_record
SF:lib\data\repositories\tvclil_repository_impl.dart
DA:30,1
DA:47,1
DA:59,1
DA:60,2
DA:63,1
DA:64,2
DA:66,1
DA:67,1
DA:71,1
DA:76,1
DA:77,1
DA:80,1
DA:85,1
DA:86,1
DA:90,0
DA:95,0
DA:96,0
DA:107,1
DA:117,1
DA:118,2
DA:122,1
DA:123,1
DA:128,1
DA:133,1
DA:134,1
DA:138,1
DA:144,1
DA:145,1
DA:150,0
DA:156,0
DA:157,0
DA:170,1
DA:180,1
DA:181,2
DA:184,1
DA:185,1
DA:186,0
DA:188,0
DA:189,1
DA:192,1
DA:197,1
DA:198,1
DA:201,1
DA:205,1
DA:206,1
DA:210,0
DA:215,0
DA:216,0
DA:228,1
DA:240,1
DA:241,2
DA:244,1
DA:245,1
DA:246,1
DA:247,1
DA:248,1
DA:252,1
DA:257,1
DA:258,1
DA:262,1
DA:268,1
DA:269,1
DA:273,0
DA:278,0
DA:279,0
DA:291,1
DA:302,3
DA:305,1
DA:306,2
DA:307,2
DA:310,1
DA:316,1
DA:317,1
DA:320,1
DA:326,1
DA:327,1
DA:332,0
DA:337,0
DA:338,0
DA:350,1
DA:362,1
DA:363,2
DA:366,1
DA:367,2
DA:368,2
DA:371,1
DA:375,1
DA:376,1
DA:378,1
DA:382,1
DA:383,1
DA:386,0
DA:390,0
DA:391,0
DA:402,1
DA:413,1
DA:414,2
DA:415,1
DA:418,1
DA:421,1
DA:427,1
DA:428,1
DA:429,1
DA:447,1
DA:458,1
DA:459,2
DA:460,1
DA:463,1
DA:467,1
DA:473,1
DA:474,1
DA:475,1
DA:484,1
DA:491,1
DA:492,2
DA:506,1
DA:514,1
DA:515,2
DA:518,1
DA:519,2
DA:521,1
DA:522,1
LF:122
LH:102
end_of_record
SF:lib\domain\usecases\tvclil\get_tvclil_detail.dart
DA:15,2
DA:20,2
DA:32,4
LF:3
LH:3
end_of_record
SF:lib\domain\usecases\tvclil\get_popluar_tvclil.dart
DA:13,1
DA:18,1
DA:29,2
LF:3
LH:3
end_of_record
SF:lib\domain\usecases\tvclil\get_top_rated_tvclil.dart
DA:15,1
DA:20,1
DA:30,2
LF:3
LH:3
end_of_record
SF:lib\domain\usecases\tvclil\get_tvclil_recomendations.dart
DA:16,1
DA:21,1
DA:35,2
LF:3
LH:3
end_of_record
SF:lib\domain\usecases\tvclil\get_watchlist_status_tvclil.dart
DA:11,2
DA:20,2
DA:27,4
LF:3
LH:3
end_of_record
SF:lib\domain\usecases\movies\get_movie_detail.dart
DA:15,1
DA:20,1
DA:33,2
LF:3
LH:3
end_of_record
SF:lib\domain\usecases\movies\get_movie_recommendations.dart
DA:15,1
DA:20,1
DA:33,2
LF:3
LH:3
end_of_record
SF:lib\domain\usecases\movies\get_now_playing_movies.dart
DA:15,1
DA:20,1
DA:29,2
LF:3
LH:3
end_of_record
SF:lib\domain\usecases\movies\get_popular_movies.dart
DA:15,1
DA:20,1
DA:31,2
LF:3
LH:3
end_of_record
SF:lib\domain\usecases\movies\get_top_rated_movies.dart
DA:15,1
DA:20,1
DA:31,1
DA:32,1
LF:4
LH:4
end_of_record
SF:lib\domain\usecases\movies\get_watchlist_movies.dart
DA:14,1
DA:19,1
DA:28,2
LF:3
LH:3
end_of_record
SF:lib\domain\usecases\movies\get_watchlist_status.dart
DA:10,1
DA:17,1
DA:25,2
LF:3
LH:3
end_of_record
SF:lib\domain\usecases\movies\remove_watchlist.dart
DA:14,1
DA:19,1
DA:32,2
LF:3
LH:3
end_of_record
SF:lib\domain\usecases\movies\save_watchlist.dart
DA:15,1
DA:20,1
DA:33,2
LF:3
LH:3
end_of_record
SF:lib\domain\usecases\movies\search_movies.dart
DA:16,1
DA:21,1
DA:37,2
LF:3
LH:3
end_of_record
SF:lib\domain\usecases\tvclil\remove_watchlist_tvclil.dart
DA:14,1
DA:19,1
DA:33,2
LF:3
LH:3
end_of_record
SF:lib\domain\usecases\tvclil\save_watchlist_tvclil.dart
DA:16,1
DA:21,1
DA:33,2
LF:3
LH:3
end_of_record
SF:lib\domain\usecases\tvclil\search_tvclil.dart
DA:14,1
DA:20,1
DA:33,2
LF:3
LH:3
end_of_record
SF:lib\presentation\bloc\movie\movie_state.dart
DA:11,2
DA:20,2
DA:34,1
DA:37,3
DA:50,1
DA:52,3
DA:63,2
DA:66,2
DA:93,2
DA:96,3
DA:109,1
DA:113,1
DA:117,2
DA:128,1
DA:130,1
DA:143,2
DA:154,1
DA:158,1
DA:159,1
DA:172,1
DA:175,1
DA:179,2
DA:196,2
DA:206,1
DA:207,1
DA:220,1
DA:221,2
DA:223,1
DA:237,1
DA:239,1
DA:243,2
DA:263,1
DA:265,1
DA:275,1
DA:277,1
DA:288,1
DA:290,2
DA:296,1
DA:312,1
DA:315,1
DA:317,2
DA:334,0
DA:336,0
DA:347,0
DA:349,0
DA:350,0
DA:359,0
DA:361,0
DA:376,0
DA:378,0
DA:382,0
LF:51
LH:41
end_of_record
SF:lib\presentation\bloc\movie\movie_event.dart
DA:4,0
DA:5,1
DA:10,1
DA:12,0
DA:17,1
DA:19,0
DA:21,0
DA:26,0
DA:29,0
DA:30,1
DA:35,0
DA:45,0
DA:48,1
DA:64,0
DA:65,0
LF:15
LH:5
end_of_record
SF:lib\presentation\bloc\movie\movie_bloc.dart
DA:31,1
DA:33,4
DA:34,1
DA:37,2
DA:38,4
DA:39,5
DA:41,3
DA:60,1
DA:61,3
DA:62,0
DA:64,4
DA:65,4
DA:67,5
DA:68,3
DA:89,1
DA:90,4
DA:92,1
DA:95,5
DA:96,5
DA:97,3
DA:117,1
DA:118,4
DA:121,1
DA:123,5
DA:124,5
DA:125,3
DA:146,1
DA:147,2
DA:148,2
DA:150,1
DA:155,6
DA:156,5
DA:157,3
DA:178,0
DA:180,0
DA:182,0
DA:188,0
DA:189,0
DA:190,0
LF:39
LH:32
end_of_record
SF:lib\domain\usecases\tvclil\get_now_playing_tvclil.dart
DA:15,0
DA:21,0
DA:31,0
LF:3
LH:0
end_of_record
SF:lib\domain\usecases\tvclil\get_watchlist_tvclil.dart
DA:16,0
DA:22,0
DA:32,0
DA:33,0
LF:4
LH:0
end_of_record
SF:lib\presentation\bloc\movie\movie_watchlist\movie_watchlist_state.dart
DA:7,2
DA:8,3
DA:14,2
DA:15,3
DA:21,1
DA:22,3
DA:34,2
DA:35,2
DA:40,2
DA:41,3
LF:10
LH:10
end_of_record
SF:lib\presentation\bloc\movie\movie_watchlist\movie_watchlist_event.dart
DA:5,1
DA:10,1
DA:15,1
DA:16,0
DA:21,2
LF:5
LH:4
end_of_record
SF:lib\presentation\bloc\movie\movie_watchlist\movie_watchlist_bloc.dart
DA:40,1
DA:56,6
DA:57,3
DA:58,5
DA:59,4
DA:65,6
DA:66,2
DA:68,3
DA:69,3
DA:71,5
DA:72,1
DA:73,2
DA:79,3
DA:80,3
DA:82,5
DA:83,3
LF:16
LH:16
end_of_record
SF:lib\presentation\bloc\tv\tv_event.dart
DA:16,0
DA:18,0
DA:20,0
DA:39,1
DA:45,0
DA:50,0
DA:76,1
DA:80,0
DA:83,0
DA:95,1
DA:99,0
DA:102,0
DA:122,1
DA:126,0
DA:129,0
DA:149,1
DA:154,0
DA:158,0
DA:173,1
DA:177,0
DA:180,0
DA:193,1
DA:198,0
DA:199,0
LF:24
LH:7
end_of_record
SF:lib\presentation\bloc\tv\tv_state.dart
DA:16,0
DA:19,0
DA:22,0
DA:32,0
DA:35,0
DA:47,0
DA:50,0
DA:61,0
DA:65,0
DA:80,0
DA:83,0
DA:87,0
DA:99,2
DA:103,1
DA:105,1
DA:136,2
DA:140,1
DA:142,2
DA:157,1
DA:161,1
DA:164,2
DA:176,2
DA:180,1
DA:183,1
DA:211,2
DA:215,1
DA:218,1
DA:219,1
DA:234,1
DA:238,1
DA:242,2
DA:248,1
DA:250,1
DA:251,1
DA:261,1
DA:263,1
DA:264,2
DA:270,1
DA:272,1
DA:273,2
DA:284,2
DA:286,1
DA:289,1
DA:316,2
DA:320,1
DA:323,2
DA:335,2
DA:336,2
DA:340,2
DA:342,2
DA:363,5
DA:366,1
DA:368,1
DA:372,2
LF:54
LH:42
end_of_record
SF:lib\presentation\bloc\tv\tv_bloc.dart
DA:32,0
DA:34,0
DA:36,0
DA:38,0
DA:39,0
DA:41,0
DA:42,0
DA:62,1
DA:64,3
DA:66,4
DA:67,4
DA:68,5
DA:69,3
DA:89,1
DA:92,1
DA:93,1
DA:95,1
DA:97,1
DA:102,1
DA:113,1
DA:114,1
DA:117,1
DA:118,2
DA:120,1
DA:121,1
DA:122,1
DA:124,1
DA:125,1
DA:129,3
DA:148,1
DA:151,2
DA:153,1
DA:154,1
DA:156,2
DA:159,1
DA:160,2
DA:162,1
DA:163,1
DA:165,2
DA:166,1
DA:168,1
DA:169,1
DA:170,1
DA:193,1
DA:199,1
DA:200,1
DA:201,1
DA:202,1
DA:205,1
DA:206,1
DA:209,1
DA:210,1
DA:211,2
DA:214,1
DA:215,1
DA:216,2
DA:217,1
DA:220,1
DA:221,1
DA:222,1
DA:244,1
DA:247,1
DA:248,1
DA:250,1
DA:251,1
DA:253,2
DA:257,1
DA:258,2
DA:260,1
DA:261,1
DA:262,1
DA:263,1
DA:264,1
DA:267,1
DA:268,1
DA:269,1
LF:76
LH:69
end_of_record
SF:lib\presentation\bloc\tv\watchlist\tv_watchlist_event.dart
DA:6,1
DA:12,1
DA:18,2
DA:23,0
DA:28,1
LF:5
LH:4
end_of_record
SF:lib\presentation\bloc\tv\watchlist\tv_watchlist_bloc.dart
DA:54,1
DA:76,6
DA:77,3
DA:79,5
DA:80,4
DA:86,3
DA:87,3
DA:88,2
DA:93,1
DA:94,1
DA:99,1
DA:102,2
DA:103,1
DA:105,1
DA:106,1
DA:107,3
DA:109,1
DA:110,2
DA:116,3
DA:119,3
DA:121,5
DA:123,3
LF:22
LH:22
end_of_record
SF:lib\presentation\bloc\tv\watchlist\tv_watchlist_state.dart
DA:9,2
DA:12,1
DA:13,1
DA:24,2
DA:27,1
DA:29,2
DA:41,1
DA:45,1
DA:48,2
DA:70,2
DA:74,1
DA:76,2
DA:85,2
DA:88,1
DA:90,2
LF:15
LH:15
end_of_record
